2023-10-28 00:00:01,548 INFO o.a.k.c.c.i.AbstractCoordinator$JoinGroupResponseHandler [org.springframework.kafka.KafkaListenerEndpointContainer#0-0-C-1] [Consumer clientId=consumer-main-1, groupId=main] Successfully joined group with generation Generation{generationId=71, memberId='consumer-main-1-b2845d93-5544-46fd-80fb-394b0d5e9c8a', protocol='range'}
2023-10-28 00:00:01,567 INFO o.a.k.c.c.i.ConsumerCoordinator [org.springframework.kafka.KafkaListenerEndpointContainer#0-0-C-1] [Consumer clientId=consumer-main-1, groupId=main] Finished assignment for group at generation 71: {consumer-main-1-b2845d93-5544-46fd-80fb-394b0d5e9c8a=Assignment(partitions=[sql-0])}
2023-10-28 00:00:01,581 INFO o.a.k.c.c.i.AbstractCoordinator$SyncGroupResponseHandler [org.springframework.kafka.KafkaListenerEndpointContainer#0-0-C-1] [Consumer clientId=consumer-main-1, groupId=main] Successfully synced group in generation Generation{generationId=71, memberId='consumer-main-1-b2845d93-5544-46fd-80fb-394b0d5e9c8a', protocol='range'}
2023-10-28 00:00:01,582 INFO o.a.k.c.c.i.ConsumerCoordinator [org.springframework.kafka.KafkaListenerEndpointContainer#0-0-C-1] [Consumer clientId=consumer-main-1, groupId=main] Notifying assignor about the new Assignment(partitions=[sql-0])
2023-10-28 00:00:01,587 INFO o.a.k.c.c.i.ConsumerCoordinator [org.springframework.kafka.KafkaListenerEndpointContainer#0-0-C-1] [Consumer clientId=consumer-main-1, groupId=main] Adding newly assigned partitions: sql-0
2023-10-28 00:00:01,609 INFO o.a.k.c.c.i.ConsumerCoordinator [org.springframework.kafka.KafkaListenerEndpointContainer#0-0-C-1] [Consumer clientId=consumer-main-1, groupId=main] Setting offset for partition sql-0 to the committed offset FetchPosition{offset=0, offsetEpoch=Optional.empty, currentLeader=LeaderAndEpoch{leader=Optional[localhost:29092 (id: 1 rack: null)], epoch=0}}
2023-10-28 00:00:01,611 INFO o.s.c.l.LogAccessor [org.springframework.kafka.KafkaListenerEndpointContainer#0-0-C-1] main: partitions assigned: [sql-0]
2023-10-28 00:00:45,645 INFO o.a.k.c.c.i.ConsumerCoordinator [org.springframework.kafka.KafkaListenerEndpointContainer#0-0-C-1] [Consumer clientId=consumer-main-1, groupId=main] Revoke previously assigned partitions sql-0
2023-10-28 00:00:45,646 INFO o.s.c.l.LogAccessor [org.springframework.kafka.KafkaListenerEndpointContainer#0-0-C-1] main: partitions revoked: [sql-0]
2023-10-28 00:00:45,646 INFO o.a.k.c.c.i.AbstractCoordinator [org.springframework.kafka.KafkaListenerEndpointContainer#0-0-C-1] [Consumer clientId=consumer-main-1, groupId=main] Member consumer-main-1-b2845d93-5544-46fd-80fb-394b0d5e9c8a sending LeaveGroup request to coordinator localhost:29092 (id: 2147483646 rack: null) due to the consumer unsubscribed from all topics
2023-10-28 00:00:45,647 INFO o.a.k.c.c.i.AbstractCoordinator [org.springframework.kafka.KafkaListenerEndpointContainer#0-0-C-1] [Consumer clientId=consumer-main-1, groupId=main] Resetting generation and member id due to: consumer pro-actively leaving the group
2023-10-28 00:00:45,647 INFO o.a.k.c.c.i.AbstractCoordinator [org.springframework.kafka.KafkaListenerEndpointContainer#0-0-C-1] [Consumer clientId=consumer-main-1, groupId=main] Request joining group due to: consumer pro-actively leaving the group
2023-10-28 00:00:45,647 INFO o.a.k.c.c.KafkaConsumer [org.springframework.kafka.KafkaListenerEndpointContainer#0-0-C-1] [Consumer clientId=consumer-main-1, groupId=main] Unsubscribed all topics or patterns and assigned partitions
2023-10-28 00:00:45,648 INFO o.a.k.c.c.i.AbstractCoordinator [org.springframework.kafka.KafkaListenerEndpointContainer#0-0-C-1] [Consumer clientId=consumer-main-1, groupId=main] Resetting generation and member id due to: consumer pro-actively leaving the group
2023-10-28 00:00:45,648 INFO o.a.k.c.c.i.AbstractCoordinator [org.springframework.kafka.KafkaListenerEndpointContainer#0-0-C-1] [Consumer clientId=consumer-main-1, groupId=main] Request joining group due to: consumer pro-actively leaving the group
2023-10-28 00:00:45,654 INFO o.a.k.c.m.Metrics [org.springframework.kafka.KafkaListenerEndpointContainer#0-0-C-1] Metrics scheduler closed
2023-10-28 00:00:45,654 INFO o.a.k.c.m.Metrics [org.springframework.kafka.KafkaListenerEndpointContainer#0-0-C-1] Closing reporter org.apache.kafka.common.metrics.JmxReporter
2023-10-28 00:00:45,655 INFO o.a.k.c.m.Metrics [org.springframework.kafka.KafkaListenerEndpointContainer#0-0-C-1] Metrics reporters closed
2023-10-28 00:00:45,661 INFO o.a.k.c.u.AppInfoParser [org.springframework.kafka.KafkaListenerEndpointContainer#0-0-C-1] App info kafka.consumer for consumer-main-1 unregistered
2023-10-28 00:00:45,662 INFO o.s.c.l.LogAccessor [org.springframework.kafka.KafkaListenerEndpointContainer#0-0-C-1] main: Consumer stopped
2023-10-28 00:00:50,271 INFO o.s.b.StartupInfoLogger [main] Starting TkEtlprocApplication using Java 17 with PID 3152 (C:\Users\korni\tk_etlproc\target\classes started by korni in C:\Users\korni\tk_etlproc)
2023-10-28 00:00:50,274 INFO o.s.b.SpringApplication [main] No active profile set, falling back to 1 default profile: "default"
2023-10-28 00:00:51,350 INFO o.s.b.w.e.t.TomcatWebServer [main] Tomcat initialized with port(s): 8080 (http)
2023-10-28 00:00:51,359 INFO o.a.j.l.DirectJDKLog [main] Initializing ProtocolHandler ["http-nio-8080"]
2023-10-28 00:00:51,361 INFO o.a.j.l.DirectJDKLog [main] Starting service [Tomcat]
2023-10-28 00:00:51,362 INFO o.a.j.l.DirectJDKLog [main] Starting Servlet engine: [Apache Tomcat/10.1.12]
2023-10-28 00:00:51,467 INFO o.a.j.l.DirectJDKLog [main] Initializing Spring embedded WebApplicationContext
2023-10-28 00:00:51,468 INFO o.s.b.w.s.c.ServletWebServerApplicationContext [main] Root WebApplicationContext: initialization completed in 1144 ms
2023-10-28 00:00:51,983 INFO o.a.j.l.DirectJDKLog [main] Starting ProtocolHandler ["http-nio-8080"]
2023-10-28 00:00:52,007 INFO o.s.b.w.e.t.TomcatWebServer [main] Tomcat started on port(s): 8080 (http) with context path ''
2023-10-28 00:00:52,067 INFO o.a.k.c.c.AbstractConfig [main] ConsumerConfig values: 
	allow.auto.create.topics = true
	auto.commit.interval.ms = 5000
	auto.include.jmx.reporter = true
	auto.offset.reset = latest
	bootstrap.servers = [localhost:29092]
	check.crcs = true
	client.dns.lookup = use_all_dns_ips
	client.id = consumer-main-1
	client.rack = 
	connections.max.idle.ms = 540000
	default.api.timeout.ms = 60000
	enable.auto.commit = false
	exclude.internal.topics = true
	fetch.max.bytes = 52428800
	fetch.max.wait.ms = 500
	fetch.min.bytes = 1
	group.id = main
	group.instance.id = null
	heartbeat.interval.ms = 3000
	interceptor.classes = []
	internal.leave.group.on.close = true
	internal.throw.on.fetch.stable.offset.unsupported = false
	isolation.level = read_uncommitted
	key.deserializer = class org.apache.kafka.common.serialization.StringDeserializer
	max.partition.fetch.bytes = 1048576
	max.poll.interval.ms = 300000
	max.poll.records = 500
	metadata.max.age.ms = 300000
	metric.reporters = []
	metrics.num.samples = 2
	metrics.recording.level = INFO
	metrics.sample.window.ms = 30000
	partition.assignment.strategy = [class org.apache.kafka.clients.consumer.RangeAssignor, class org.apache.kafka.clients.consumer.CooperativeStickyAssignor]
	receive.buffer.bytes = 65536
	reconnect.backoff.max.ms = 1000
	reconnect.backoff.ms = 50
	request.timeout.ms = 30000
	retry.backoff.ms = 100
	sasl.client.callback.handler.class = null
	sasl.jaas.config = null
	sasl.kerberos.kinit.cmd = /usr/bin/kinit
	sasl.kerberos.min.time.before.relogin = 60000
	sasl.kerberos.service.name = null
	sasl.kerberos.ticket.renew.jitter = 0.05
	sasl.kerberos.ticket.renew.window.factor = 0.8
	sasl.login.callback.handler.class = null
	sasl.login.class = null
	sasl.login.connect.timeout.ms = null
	sasl.login.read.timeout.ms = null
	sasl.login.refresh.buffer.seconds = 300
	sasl.login.refresh.min.period.seconds = 60
	sasl.login.refresh.window.factor = 0.8
	sasl.login.refresh.window.jitter = 0.05
	sasl.login.retry.backoff.max.ms = 10000
	sasl.login.retry.backoff.ms = 100
	sasl.mechanism = GSSAPI
	sasl.oauthbearer.clock.skew.seconds = 30
	sasl.oauthbearer.expected.audience = null
	sasl.oauthbearer.expected.issuer = null
	sasl.oauthbearer.jwks.endpoint.refresh.ms = 3600000
	sasl.oauthbearer.jwks.endpoint.retry.backoff.max.ms = 10000
	sasl.oauthbearer.jwks.endpoint.retry.backoff.ms = 100
	sasl.oauthbearer.jwks.endpoint.url = null
	sasl.oauthbearer.scope.claim.name = scope
	sasl.oauthbearer.sub.claim.name = sub
	sasl.oauthbearer.token.endpoint.url = null
	security.protocol = PLAINTEXT
	security.providers = null
	send.buffer.bytes = 131072
	session.timeout.ms = 45000
	socket.connection.setup.timeout.max.ms = 30000
	socket.connection.setup.timeout.ms = 10000
	ssl.cipher.suites = null
	ssl.enabled.protocols = [TLSv1.2, TLSv1.3]
	ssl.endpoint.identification.algorithm = https
	ssl.engine.factory.class = null
	ssl.key.password = null
	ssl.keymanager.algorithm = SunX509
	ssl.keystore.certificate.chain = null
	ssl.keystore.key = null
	ssl.keystore.location = null
	ssl.keystore.password = null
	ssl.keystore.type = JKS
	ssl.protocol = TLSv1.3
	ssl.provider = null
	ssl.secure.random.implementation = null
	ssl.trustmanager.algorithm = PKIX
	ssl.truststore.certificates = null
	ssl.truststore.location = null
	ssl.truststore.password = null
	ssl.truststore.type = JKS
	value.deserializer = class org.springframework.kafka.support.serializer.JsonDeserializer

2023-10-28 00:00:52,189 INFO o.a.k.c.u.AppInfoParser$AppInfo [main] Kafka version: 3.4.1
2023-10-28 00:00:52,191 INFO o.a.k.c.u.AppInfoParser$AppInfo [main] Kafka commitId: 8a516edc2755df89
2023-10-28 00:00:52,191 INFO o.a.k.c.u.AppInfoParser$AppInfo [main] Kafka startTimeMs: 1698444052186
2023-10-28 00:00:52,194 INFO o.a.k.c.c.KafkaConsumer [main] [Consumer clientId=consumer-main-1, groupId=main] Subscribed to topic(s): sql
2023-10-28 00:00:52,216 INFO o.s.b.StartupInfoLogger [main] Started TkEtlprocApplication in 2.353 seconds (process running for 3.419)
2023-10-28 00:00:52,560 INFO o.a.k.c.Metadata [org.springframework.kafka.KafkaListenerEndpointContainer#0-0-C-1] [Consumer clientId=consumer-main-1, groupId=main] Resetting the last seen epoch of partition sql-0 to 0 since the associated topicId changed from null to vJ28A9lESvmUWuU1ACR63w
2023-10-28 00:00:52,562 INFO o.a.k.c.Metadata [org.springframework.kafka.KafkaListenerEndpointContainer#0-0-C-1] [Consumer clientId=consumer-main-1, groupId=main] Cluster ID: YqEY0deMTVmmgB14C8iHfg
2023-10-28 00:00:52,564 INFO o.a.k.c.c.i.AbstractCoordinator$FindCoordinatorResponseHandler [org.springframework.kafka.KafkaListenerEndpointContainer#0-0-C-1] [Consumer clientId=consumer-main-1, groupId=main] Discovered group coordinator localhost:29092 (id: 2147483646 rack: null)
2023-10-28 00:00:52,566 INFO o.a.k.c.c.i.AbstractCoordinator [org.springframework.kafka.KafkaListenerEndpointContainer#0-0-C-1] [Consumer clientId=consumer-main-1, groupId=main] (Re-)joining group
2023-10-28 00:00:52,583 INFO o.a.k.c.c.i.AbstractCoordinator [org.springframework.kafka.KafkaListenerEndpointContainer#0-0-C-1] [Consumer clientId=consumer-main-1, groupId=main] Request joining group due to: need to re-join with the given member-id: consumer-main-1-fcedf10b-6a1b-420c-9211-fbf01e42e79b
2023-10-28 00:00:52,583 INFO o.a.k.c.c.i.AbstractCoordinator [org.springframework.kafka.KafkaListenerEndpointContainer#0-0-C-1] [Consumer clientId=consumer-main-1, groupId=main] Request joining group due to: rebalance failed due to 'The group member needs to have a valid member id before actually entering a consumer group.' (MemberIdRequiredException)
2023-10-28 00:00:52,583 INFO o.a.k.c.c.i.AbstractCoordinator [org.springframework.kafka.KafkaListenerEndpointContainer#0-0-C-1] [Consumer clientId=consumer-main-1, groupId=main] (Re-)joining group
2023-10-28 00:00:55,589 INFO o.a.k.c.c.i.AbstractCoordinator$JoinGroupResponseHandler [org.springframework.kafka.KafkaListenerEndpointContainer#0-0-C-1] [Consumer clientId=consumer-main-1, groupId=main] Successfully joined group with generation Generation{generationId=73, memberId='consumer-main-1-fcedf10b-6a1b-420c-9211-fbf01e42e79b', protocol='range'}
2023-10-28 00:00:55,592 INFO o.a.k.c.c.i.ConsumerCoordinator [org.springframework.kafka.KafkaListenerEndpointContainer#0-0-C-1] [Consumer clientId=consumer-main-1, groupId=main] Finished assignment for group at generation 73: {consumer-main-1-fcedf10b-6a1b-420c-9211-fbf01e42e79b=Assignment(partitions=[sql-0])}
2023-10-28 00:00:55,601 INFO o.a.k.c.c.i.AbstractCoordinator$SyncGroupResponseHandler [org.springframework.kafka.KafkaListenerEndpointContainer#0-0-C-1] [Consumer clientId=consumer-main-1, groupId=main] Successfully synced group in generation Generation{generationId=73, memberId='consumer-main-1-fcedf10b-6a1b-420c-9211-fbf01e42e79b', protocol='range'}
2023-10-28 00:00:55,602 INFO o.a.k.c.c.i.ConsumerCoordinator [org.springframework.kafka.KafkaListenerEndpointContainer#0-0-C-1] [Consumer clientId=consumer-main-1, groupId=main] Notifying assignor about the new Assignment(partitions=[sql-0])
2023-10-28 00:00:55,605 INFO o.a.k.c.c.i.ConsumerCoordinator [org.springframework.kafka.KafkaListenerEndpointContainer#0-0-C-1] [Consumer clientId=consumer-main-1, groupId=main] Adding newly assigned partitions: sql-0
2023-10-28 00:00:55,620 INFO o.a.k.c.c.i.ConsumerCoordinator [org.springframework.kafka.KafkaListenerEndpointContainer#0-0-C-1] [Consumer clientId=consumer-main-1, groupId=main] Setting offset for partition sql-0 to the committed offset FetchPosition{offset=0, offsetEpoch=Optional.empty, currentLeader=LeaderAndEpoch{leader=Optional[localhost:29092 (id: 1 rack: null)], epoch=0}}
2023-10-28 00:00:55,621 INFO o.s.c.l.LogAccessor [org.springframework.kafka.KafkaListenerEndpointContainer#0-0-C-1] main: partitions assigned: [sql-0]
2023-10-28 00:01:14,905 INFO o.a.k.c.c.i.ConsumerCoordinator [org.springframework.kafka.KafkaListenerEndpointContainer#0-0-C-1] [Consumer clientId=consumer-main-1, groupId=main] Revoke previously assigned partitions sql-0
2023-10-28 00:01:14,906 INFO o.s.c.l.LogAccessor [org.springframework.kafka.KafkaListenerEndpointContainer#0-0-C-1] main: partitions revoked: [sql-0]
2023-10-28 00:01:14,907 INFO o.a.k.c.c.i.AbstractCoordinator [org.springframework.kafka.KafkaListenerEndpointContainer#0-0-C-1] [Consumer clientId=consumer-main-1, groupId=main] Member consumer-main-1-fcedf10b-6a1b-420c-9211-fbf01e42e79b sending LeaveGroup request to coordinator localhost:29092 (id: 2147483646 rack: null) due to the consumer unsubscribed from all topics
2023-10-28 00:01:14,908 INFO o.a.k.c.c.i.AbstractCoordinator [org.springframework.kafka.KafkaListenerEndpointContainer#0-0-C-1] [Consumer clientId=consumer-main-1, groupId=main] Resetting generation and member id due to: consumer pro-actively leaving the group
2023-10-28 00:01:14,908 INFO o.a.k.c.c.i.AbstractCoordinator [org.springframework.kafka.KafkaListenerEndpointContainer#0-0-C-1] [Consumer clientId=consumer-main-1, groupId=main] Request joining group due to: consumer pro-actively leaving the group
2023-10-28 00:01:14,908 INFO o.a.k.c.c.KafkaConsumer [org.springframework.kafka.KafkaListenerEndpointContainer#0-0-C-1] [Consumer clientId=consumer-main-1, groupId=main] Unsubscribed all topics or patterns and assigned partitions
2023-10-28 00:01:14,910 INFO o.a.k.c.c.i.AbstractCoordinator [org.springframework.kafka.KafkaListenerEndpointContainer#0-0-C-1] [Consumer clientId=consumer-main-1, groupId=main] Resetting generation and member id due to: consumer pro-actively leaving the group
2023-10-28 00:01:14,911 INFO o.a.k.c.c.i.AbstractCoordinator [org.springframework.kafka.KafkaListenerEndpointContainer#0-0-C-1] [Consumer clientId=consumer-main-1, groupId=main] Request joining group due to: consumer pro-actively leaving the group
2023-10-28 00:01:14,917 INFO o.a.k.c.m.Metrics [org.springframework.kafka.KafkaListenerEndpointContainer#0-0-C-1] Metrics scheduler closed
2023-10-28 00:01:14,918 INFO o.a.k.c.m.Metrics [org.springframework.kafka.KafkaListenerEndpointContainer#0-0-C-1] Closing reporter org.apache.kafka.common.metrics.JmxReporter
2023-10-28 00:01:14,918 INFO o.a.k.c.m.Metrics [org.springframework.kafka.KafkaListenerEndpointContainer#0-0-C-1] Metrics reporters closed
2023-10-28 00:01:14,924 INFO o.a.k.c.u.AppInfoParser [org.springframework.kafka.KafkaListenerEndpointContainer#0-0-C-1] App info kafka.consumer for consumer-main-1 unregistered
2023-10-28 00:01:14,925 INFO o.s.c.l.LogAccessor [org.springframework.kafka.KafkaListenerEndpointContainer#0-0-C-1] main: Consumer stopped
